Started GET "/organisations/1/programmes/new" for ::1 at 2019-03-28 20:25:08 +0000
  [1m[35m (0.8ms)[0m  [1m[34mSELECT "schema_migrations"."version" FROM "schema_migrations" ORDER BY "schema_migrations"."version" ASC[0m
  ↳ /Users/virginiadooley/.rvm/gems/ruby-2.5.5/gems/web-console-3.7.0/lib/web_console/middleware.rb:135
Processing by ProgrammesController#new as HTML
  Parameters: {"organisation_id"=>"1"}
Completed 500 Internal Server Error in 7ms (ActiveRecord: 0.0ms)


  
NoMethodError (undefined method `programmes' for nil:NilClass):
  
app/controllers/programmes_controller.rb:13:in `new'
Started GET "/organisations/1/programmes/new" for ::1 at 2019-03-28 20:29:48 +0000
Processing by ProgrammesController#new as HTML
  Parameters: {"organisation_id"=>"1"}
Completed 500 Internal Server Error in 2ms (ActiveRecord: 0.0ms)


  
NoMethodError (undefined method `programmes' for nil:NilClass):
  
app/controllers/programmes_controller.rb:13:in `new'
Started GET "/organisations/1/programmes/new" for ::1 at 2019-03-28 20:38:18 +0000
Processing by ProgrammesController#new as HTML
  Parameters: {"organisation_id"=>"1"}
Completed 500 Internal Server Error in 15ms (ActiveRecord: 0.0ms)


  
NoMethodError (undefined method `programmes' for nil:NilClass):
  
app/controllers/programmes_controller.rb:13:in `new'
Started GET "/organisations/1/programmes/new" for ::1 at 2019-03-28 20:39:20 +0000
Processing by ProgrammesController#new as HTML
  Parameters: {"organisation_id"=>"1"}
Completed 500 Internal Server Error in 2ms (ActiveRecord: 0.0ms)


  
NoMethodError (undefined method `programme' for nil:NilClass):
  
app/controllers/programmes_controller.rb:13:in `new'
Started GET "/organisations/1/programmes/new" for ::1 at 2019-03-28 20:39:45 +0000
Processing by ProgrammesController#new as HTML
  Parameters: {"organisation_id"=>"1"}
  [1m[36mOrganisation Load (0.7ms)[0m  [1m[34mSELECT  "organisations".* FROM "organisations" WHERE "organisations"."id" = ? LIMIT ?[0m  [["id", 1], ["LIMIT", 1]]
  ↳ app/controllers/programmes_controller.rb:13
  Rendering programmes/new.html.erb within layouts/application
  Rendered programmes/new.html.erb within layouts/application (0.5ms)
Completed 200 OK in 444ms (Views: 346.8ms | ActiveRecord: 3.2ms)


Started GET "/organisations/1/programmes/new" for ::1 at 2019-03-28 20:39:48 +0000
Processing by ProgrammesController#new as HTML
  Parameters: {"organisation_id"=>"1"}
  [1m[36mOrganisation Load (0.2ms)[0m  [1m[34mSELECT  "organisations".* FROM "organisations" WHERE "organisations"."id" = ? LIMIT ?[0m  [["id", 1], ["LIMIT", 1]]
  ↳ app/controllers/programmes_controller.rb:13
  Rendering programmes/new.html.erb within layouts/application
  Rendered programmes/new.html.erb within layouts/application (0.5ms)
Completed 200 OK in 52ms (Views: 44.8ms | ActiveRecord: 0.2ms)


Started GET "/organisations/1/programmes/new" for ::1 at 2019-03-28 20:41:02 +0000
Processing by ProgrammesController#new as HTML
  Parameters: {"organisation_id"=>"1"}
  [1m[36mOrganisation Load (0.2ms)[0m  [1m[34mSELECT  "organisations".* FROM "organisations" WHERE "organisations"."id" = ? LIMIT ?[0m  [["id", 1], ["LIMIT", 1]]
  ↳ app/controllers/programmes_controller.rb:13
  Rendering programmes/new.html.erb within layouts/application
  Rendered programmes/_form.html.erb (4.0ms)
  Rendered programmes/new.html.erb within layouts/application (7.7ms)
Completed 500 Internal Server Error in 21ms (ActiveRecord: 0.2ms)


  
ActionView::Template::Error (First argument in form cannot contain nil or be empty):
    1: <%= form_for ([@programme, @client]) do |f| %>
    2:   <%= f.label "First Name" %>
    3:   <%= f.text_field :first_name %><p>
    4:   <%= f.label "Last Name" %>
  
app/views/programmes/_form.html.erb:1:in `_app_views_programmes__form_html_erb___1931643036515919455_70193553303500'
app/views/programmes/new.html.erb:2:in `_app_views_programmes_new_html_erb___2910508431469967194_70193590179780'
Started GET "/organisations/1/programmes/new" for ::1 at 2019-03-28 20:41:20 +0000
Processing by ProgrammesController#new as HTML
  Parameters: {"organisation_id"=>"1"}
  [1m[36mOrganisation Load (0.2ms)[0m  [1m[34mSELECT  "organisations".* FROM "organisations" WHERE "organisations"."id" = ? LIMIT ?[0m  [["id", 1], ["LIMIT", 1]]
  ↳ app/controllers/programmes_controller.rb:13
  Rendering programmes/new.html.erb within layouts/application
  Rendered programmes/_form.html.erb (4.3ms)
  Rendered programmes/new.html.erb within layouts/application (8.2ms)
Completed 500 Internal Server Error in 23ms (ActiveRecord: 0.2ms)


  
ActionView::Template::Error (First argument in form cannot contain nil or be empty):
    1: <%= form_for ([@programme, @client]) do |f| %>
    2:   <%= f.label "First Name" %>
    3:   <%= f.text_field :first_name %><p>
    4:   <%= f.label "Last Name" %>
  
app/views/programmes/_form.html.erb:1:in `_app_views_programmes__form_html_erb___1931643036515919455_70193577818820'
app/views/programmes/new.html.erb:2:in `_app_views_programmes_new_html_erb___2910508431469967194_70193595567580'
Started GET "/organisations/1/programmes" for ::1 at 2019-03-28 20:42:12 +0000
Processing by ProgrammesController#index as HTML
  Parameters: {"organisation_id"=>"1"}
  Rendering programmes/index.html.erb within layouts/application
  [1m[36mProgramme Load (0.7ms)[0m  [1m[34mSELECT "programmes".* FROM "programmes"[0m
  ↳ app/views/programmes/index.html.erb:2
  Rendered programmes/index.html.erb within layouts/application (3.3ms)
Completed 200 OK in 41ms (Views: 35.3ms | ActiveRecord: 0.7ms)


Started GET "/organisations/1" for ::1 at 2019-03-28 20:42:17 +0000
Processing by OrganisationsController#show as HTML
  Parameters: {"id"=>"1"}
  [1m[36mOrganisation Load (0.2ms)[0m  [1m[34mSELECT  "organisations".* FROM "organisations" WHERE "organisations"."id" = ? LIMIT ?[0m  [["id", 1], ["LIMIT", 1]]
  ↳ app/controllers/organisations_controller.rb:8
  Rendering organisations/show.html.erb within layouts/application
  [1m[36mProgramme Load (0.3ms)[0m  [1m[34mSELECT "programmes".* FROM "programmes" WHERE "programmes"."organisation_id" = ?[0m  [["organisation_id", 1]]
  ↳ app/views/organisations/show.html.erb:9
  Rendered organisations/show.html.erb within layouts/application (49.0ms)
Completed 200 OK in 84ms (Views: 77.3ms | ActiveRecord: 0.4ms)


Started POST "/organisations/1/programmes" for ::1 at 2019-03-28 20:43:10 +0000
Processing by ProgrammesController#create as HTML
  Parameters: {"utf8"=>"✓", "authenticity_token"=>"U72UaTWXefm4EYFcJecEbQuFq2IMXgETYe8Jtn1tXEcomo63858lgWvM1ltpIG0eKfr7POEkuoSP84lnY2ve1A==", "programme"=>{"title"=>"Sewing"}, "commit"=>"Create Programme", "organisation_id"=>"1"}
  [1m[36mOrganisation Load (0.4ms)[0m  [1m[34mSELECT  "organisations".* FROM "organisations" WHERE "organisations"."id" = ? LIMIT ?[0m  [["id", 1], ["LIMIT", 1]]
  ↳ app/controllers/programmes_controller.rb:18
  [1m[35m (0.3ms)[0m  [1m[36mbegin transaction[0m
  ↳ app/controllers/programmes_controller.rb:20
  [1m[36mProgramme Create (1.5ms)[0m  [1m[32mINSERT INTO "programmes" ("title", "organisation_id", "created_at", "updated_at") VALUES (?, ?, ?, ?)[0m  [["title", "Sewing"], ["organisation_id", 1], ["created_at", "2019-03-28 20:43:10.427648"], ["updated_at", "2019-03-28 20:43:10.427648"]]
  ↳ app/controllers/programmes_controller.rb:20
  [1m[35m (2.4ms)[0m  [1m[36mcommit transaction[0m
  ↳ app/controllers/programmes_controller.rb:20
Redirected to http://localhost:3000/organisations/1/programmes/6
Completed 302 Found in 14ms (ActiveRecord: 4.5ms)


Started GET "/organisations/1/programmes/6" for ::1 at 2019-03-28 20:43:10 +0000
Processing by ProgrammesController#show as HTML
  Parameters: {"organisation_id"=>"1", "id"=>"6"}
  [1m[36mProgramme Load (0.2ms)[0m  [1m[34mSELECT  "programmes".* FROM "programmes" WHERE "programmes"."id" = ? LIMIT ?[0m  [["id", 6], ["LIMIT", 1]]
  ↳ app/controllers/programmes_controller.rb:8
  Rendering programmes/show.html.erb within layouts/application
  [1m[36mClient Load (0.8ms)[0m  [1m[34mSELECT "clients".* FROM "clients" INNER JOIN "clients_programmes" ON "clients"."id" = "clients_programmes"."client_id" WHERE "clients_programmes"."programme_id" = ?[0m  [["programme_id", 6]]
  ↳ app/views/programmes/show.html.erb:5
  Rendered programmes/_form.html.erb (10.1ms)
  [1m[36mOrganisation Load (0.2ms)[0m  [1m[34mSELECT  "organisations".* FROM "organisations" WHERE "organisations"."id" = ? LIMIT ?[0m  [["id", 1], ["LIMIT", 1]]
  ↳ app/views/programmes/show.html.erb:14
  Rendered programmes/show.html.erb within layouts/application (47.6ms)
Completed 200 OK in 121ms (Views: 91.2ms | ActiveRecord: 2.8ms)


Started POST "/programmes/6/clients" for ::1 at 2019-03-28 20:43:38 +0000
Processing by ClientsController#create as HTML
  Parameters: {"utf8"=>"✓", "authenticity_token"=>"San Francisco", "client"=>{"first_name"=>"Dexter", "last_name"=>"Hayabusa", "email"=>"DexterHayabusa@yahoo.com", "phone"=>"07082803456", "address1"=>"687 1st Drive", "address2"=>"", "city"=>"London", "post_code"=>"W10", "country"=>"UK"}, "commit"=>"Create Client", "programme_id"=>"6"}
Can't verify CSRF token authenticity.
Completed 422 Unprocessable Entity in 1ms (ActiveRecord: 0.0ms)


  
ActionController::InvalidAuthenticityToken (ActionController::InvalidAuthenticityToken):
  
actionpack (5.2.2.1) lib/action_controller/metal/request_forgery_protection.rb:211:in `handle_unverified_request'
actionpack (5.2.2.1) lib/action_controller/metal/request_forgery_protection.rb:243:in `handle_unverified_request'
devise (4.6.2) lib/devise/controllers/helpers.rb:255:in `handle_unverified_request'
actionpack (5.2.2.1) lib/action_controller/metal/request_forgery_protection.rb:238:in `verify_authenticity_token'
activesupport (5.2.2.1) lib/active_support/callbacks.rb:426:in `block in make_lambda'
activesupport (5.2.2.1) lib/active_support/callbacks.rb:198:in `block (2 levels) in halting'
actionpack (5.2.2.1) lib/abstract_controller/callbacks.rb:34:in `block (2 levels) in <module:Callbacks>'
activesupport (5.2.2.1) lib/active_support/callbacks.rb:199:in `block in halting'
activesupport (5.2.2.1) lib/active_support/callbacks.rb:513:in `block in invoke_before'
activesupport (5.2.2.1) lib/active_support/callbacks.rb:513:in `each'
activesupport (5.2.2.1) lib/active_support/callbacks.rb:513:in `invoke_before'
activesupport (5.2.2.1) lib/active_support/callbacks.rb:131:in `run_callbacks'
actionpack (5.2.2.1) lib/abstract_controller/callbacks.rb:41:in `process_action'
actionpack (5.2.2.1) lib/action_controller/metal/rescue.rb:22:in `process_action'
actionpack (5.2.2.1) lib/action_controller/metal/instrumentation.rb:34:in `block in process_action'
activesupport (5.2.2.1) lib/active_support/notifications.rb:168:in `block in instrument'
activesupport (5.2.2.1) lib/active_support/notifications/instrumenter.rb:23:in `instrument'
activesupport (5.2.2.1) lib/active_support/notifications.rb:168:in `instrument'
actionpack (5.2.2.1) lib/action_controller/metal/instrumentation.rb:32:in `process_action'
actionpack (5.2.2.1) lib/action_controller/metal/params_wrapper.rb:256:in `process_action'
activerecord (5.2.2.1) lib/active_record/railties/controller_runtime.rb:24:in `process_action'
actionpack (5.2.2.1) lib/abstract_controller/base.rb:134:in `process'
actionview (5.2.2.1) lib/action_view/rendering.rb:32:in `process'
actionpack (5.2.2.1) lib/action_controller/metal.rb:191:in `dispatch'
actionpack (5.2.2.1) lib/action_controller/metal.rb:252:in `dispatch'
actionpack (5.2.2.1) lib/action_dispatch/routing/route_set.rb:52:in `dispatch'
actionpack (5.2.2.1) lib/action_dispatch/routing/route_set.rb:34:in `serve'
actionpack (5.2.2.1) lib/action_dispatch/journey/router.rb:52:in `block in serve'
actionpack (5.2.2.1) lib/action_dispatch/journey/router.rb:35:in `each'
actionpack (5.2.2.1) lib/action_dispatch/journey/router.rb:35:in `serve'
actionpack (5.2.2.1) lib/action_dispatch/routing/route_set.rb:840:in `call'
warden (1.2.8) lib/warden/manager.rb:36:in `block in call'
warden (1.2.8) lib/warden/manager.rb:34:in `catch'
warden (1.2.8) lib/warden/manager.rb:34:in `call'
rack (2.0.6) lib/rack/tempfile_reaper.rb:15:in `call'
rack (2.0.6) lib/rack/etag.rb:25:in `call'
rack (2.0.6) lib/rack/conditional_get.rb:38:in `call'
rack (2.0.6) lib/rack/head.rb:12:in `call'
actionpack (5.2.2.1) lib/action_dispatch/http/content_security_policy.rb:18:in `call'
rack (2.0.6) lib/rack/session/abstract/id.rb:232:in `context'
rack (2.0.6) lib/rack/session/abstract/id.rb:226:in `call'
actionpack (5.2.2.1) lib/action_dispatch/middleware/cookies.rb:670:in `call'
activerecord (5.2.2.1) lib/active_record/migration.rb:559:in `call'
actionpack (5.2.2.1) lib/action_dispatch/middleware/callbacks.rb:28:in `block in call'
activesupport (5.2.2.1) lib/active_support/callbacks.rb:98:in `run_callbacks'
actionpack (5.2.2.1) lib/action_dispatch/middleware/callbacks.rb:26:in `call'
actionpack (5.2.2.1) lib/action_dispatch/middleware/executor.rb:14:in `call'
actionpack (5.2.2.1) lib/action_dispatch/middleware/debug_exceptions.rb:61:in `call'
web-console (3.7.0) lib/web_console/middleware.rb:135:in `call_app'
web-console (3.7.0) lib/web_console/middleware.rb:30:in `block in call'
web-console (3.7.0) lib/web_console/middleware.rb:20:in `catch'
web-console (3.7.0) lib/web_console/middleware.rb:20:in `call'
actionpack (5.2.2.1) lib/action_dispatch/middleware/show_exceptions.rb:33:in `call'
railties (5.2.2.1) lib/rails/rack/logger.rb:38:in `call_app'
railties (5.2.2.1) lib/rails/rack/logger.rb:26:in `block in call'
activesupport (5.2.2.1) lib/active_support/tagged_logging.rb:71:in `block in tagged'
activesupport (5.2.2.1) lib/active_support/tagged_logging.rb:28:in `tagged'
activesupport (5.2.2.1) lib/active_support/tagged_logging.rb:71:in `tagged'
railties (5.2.2.1) lib/rails/rack/logger.rb:26:in `call'
sprockets-rails (3.2.1) lib/sprockets/rails/quiet_assets.rb:13:in `call'
actionpack (5.2.2.1) lib/action_dispatch/middleware/remote_ip.rb:81:in `call'
actionpack (5.2.2.1) lib/action_dispatch/middleware/request_id.rb:27:in `call'
rack (2.0.6) lib/rack/method_override.rb:22:in `call'
rack (2.0.6) lib/rack/runtime.rb:22:in `call'
activesupport (5.2.2.1) lib/active_support/cache/strategy/local_cache_middleware.rb:29:in `call'
actionpack (5.2.2.1) lib/action_dispatch/middleware/executor.rb:14:in `call'
actionpack (5.2.2.1) lib/action_dispatch/middleware/static.rb:127:in `call'
rack (2.0.6) lib/rack/sendfile.rb:111:in `call'
railties (5.2.2.1) lib/rails/engine.rb:524:in `call'
puma (3.12.1) lib/puma/configuration.rb:227:in `call'
puma (3.12.1) lib/puma/server.rb:660:in `handle_request'
puma (3.12.1) lib/puma/server.rb:474:in `process_client'
puma (3.12.1) lib/puma/server.rb:334:in `block in run'
puma (3.12.1) lib/puma/thread_pool.rb:135:in `block in spawn_thread'
Started POST "/programmes/6/clients" for ::1 at 2019-03-28 20:43:50 +0000
Processing by ClientsController#create as HTML
  Parameters: {"utf8"=>"✓", "authenticity_token"=>"dCFZ0gE61eLn9QNGAULFGTEMGw9L97pfnJrR5Fe6usIPBkMMxzKJmjQoVEFNhaxqE3NLUaaNAchyhlE1Sbw4UQ==", "client"=>{"first_name"=>"Dexter", "last_name"=>"Hayabusa", "email"=>"DexterHayabusa@yahoo.com", "phone"=>"07082803456", "address1"=>"687 1st Drive", "address2"=>"", "city"=>"London", "post_code"=>"W10", "country"=>"UK"}, "commit"=>"Create Client", "programme_id"=>"6"}
  [1m[36mProgramme Load (0.3ms)[0m  [1m[34mSELECT  "programmes".* FROM "programmes" WHERE "programmes"."id" = ? LIMIT ?[0m  [["id", 6], ["LIMIT", 1]]
  ↳ app/controllers/clients_controller.rb:17
  [1m[35m (0.1ms)[0m  [1m[36mbegin transaction[0m
  ↳ app/controllers/clients_controller.rb:18
  [1m[36mClient Create (0.6ms)[0m  [1m[32mINSERT INTO "clients" ("first_name", "last_name", "email", "phone", "city", "post_code", "address1", "address2", "country", "created_at", "updated_at") VALUES (?, ?, ?, ?, ?, ?, ?, ?, ?, ?, ?)[0m  [["first_name", "Dexter"], ["last_name", "Hayabusa"], ["email", "DexterHayabusa@yahoo.com"], ["phone", "07082803456"], ["city", "London"], ["post_code", "W10"], ["address1", "687 1st Drive"], ["address2", ""], ["country", "UK"], ["created_at", "2019-03-28 20:43:50.036480"], ["updated_at", "2019-03-28 20:43:50.036480"]]
  ↳ app/controllers/clients_controller.rb:18
  [1m[36mProgramme::HABTM_Clients Create (0.2ms)[0m  [1m[32mINSERT INTO "clients_programmes" ("client_id", "programme_id") VALUES (?, ?)[0m  [["client_id", 18], ["programme_id", 6]]
  ↳ app/controllers/clients_controller.rb:18
  [1m[35m (1.2ms)[0m  [1m[36mcommit transaction[0m
  ↳ app/controllers/clients_controller.rb:18
  [1m[35m (0.1ms)[0m  [1m[36mbegin transaction[0m
  ↳ app/controllers/clients_controller.rb:19
  [1m[35m (0.1ms)[0m  [1m[36mcommit transaction[0m
  ↳ app/controllers/clients_controller.rb:19
Redirected to http://localhost:3000/programmes/6/clients/18
Completed 302 Found in 21ms (ActiveRecord: 3.0ms)


Started GET "/programmes/6/clients/18" for ::1 at 2019-03-28 20:43:50 +0000
Processing by ClientsController#show as HTML
  Parameters: {"programme_id"=>"6", "id"=>"18"}
  [1m[36mClient Load (0.5ms)[0m  [1m[34mSELECT  "clients".* FROM "clients" WHERE "clients"."id" = ? LIMIT ?[0m  [["id", 18], ["LIMIT", 1]]
  ↳ app/controllers/clients_controller.rb:9
  Rendering clients/show.html.erb within layouts/application
  [1m[36mProgramme Load (0.6ms)[0m  [1m[34mSELECT "programmes".* FROM "programmes" INNER JOIN "clients_programmes" ON "programmes"."id" = "clients_programmes"."programme_id" WHERE "clients_programmes"."client_id" = ?[0m  [["client_id", 18]]
  ↳ app/views/clients/show.html.erb:13
  Rendered clients/show.html.erb within layouts/application (6.7ms)
Completed 200 OK in 62ms (Views: 52.7ms | ActiveRecord: 1.1ms)


Started GET "/programmes/6" for ::1 at 2019-03-28 20:43:53 +0000
Processing by ProgrammesController#show as HTML
  Parameters: {"id"=>"6"}
  [1m[36mProgramme Load (0.4ms)[0m  [1m[34mSELECT  "programmes".* FROM "programmes" WHERE "programmes"."id" = ? LIMIT ?[0m  [["id", 6], ["LIMIT", 1]]
  ↳ app/controllers/programmes_controller.rb:8
  Rendering programmes/show.html.erb within layouts/application
  [1m[36mClient Load (0.2ms)[0m  [1m[34mSELECT "clients".* FROM "clients" INNER JOIN "clients_programmes" ON "clients"."id" = "clients_programmes"."client_id" WHERE "clients_programmes"."programme_id" = ?[0m  [["programme_id", 6]]
  ↳ app/views/programmes/show.html.erb:5
  Rendered programmes/_form.html.erb (4.2ms)
  [1m[36mOrganisation Load (0.2ms)[0m  [1m[34mSELECT  "organisations".* FROM "organisations" WHERE "organisations"."id" = ? LIMIT ?[0m  [["id", 1], ["LIMIT", 1]]
  ↳ app/views/programmes/show.html.erb:14
  Rendered programmes/show.html.erb within layouts/application (11.8ms)
Completed 200 OK in 64ms (Views: 53.9ms | ActiveRecord: 0.7ms)


Started GET "/organisations/1" for ::1 at 2019-03-28 20:43:56 +0000
Processing by OrganisationsController#show as HTML
  Parameters: {"id"=>"1"}
  [1m[36mOrganisation Load (0.3ms)[0m  [1m[34mSELECT  "organisations".* FROM "organisations" WHERE "organisations"."id" = ? LIMIT ?[0m  [["id", 1], ["LIMIT", 1]]
  ↳ app/controllers/organisations_controller.rb:8
  Rendering organisations/show.html.erb within layouts/application
  [1m[36mProgramme Load (0.2ms)[0m  [1m[34mSELECT "programmes".* FROM "programmes" WHERE "programmes"."organisation_id" = ?[0m  [["organisation_id", 1]]
  ↳ app/views/organisations/show.html.erb:9
  Rendered organisations/show.html.erb within layouts/application (4.4ms)
Completed 200 OK in 52ms (Views: 42.8ms | ActiveRecord: 0.5ms)


Started GET "/organisations/1/programmes/new" for ::1 at 2019-03-28 20:44:05 +0000
Processing by ProgrammesController#new as HTML
  Parameters: {"organisation_id"=>"1"}
  [1m[36mOrganisation Load (0.2ms)[0m  [1m[34mSELECT  "organisations".* FROM "organisations" WHERE "organisations"."id" = ? LIMIT ?[0m  [["id", 1], ["LIMIT", 1]]
  ↳ app/controllers/programmes_controller.rb:13
  Rendering programmes/new.html.erb within layouts/application
  Rendered programmes/_form.html.erb (5.0ms)
  Rendered programmes/new.html.erb within layouts/application (8.6ms)
Completed 500 Internal Server Error in 24ms (ActiveRecord: 0.2ms)


  
ActionView::Template::Error (First argument in form cannot contain nil or be empty):
    1: <%= form_for ([@programme, @client]) do |f| %>
    2:   <%= f.label "First Name" %>
    3:   <%= f.text_field :first_name %><p>
    4:   <%= f.label "Last Name" %>
  
app/views/programmes/_form.html.erb:1:in `_app_views_programmes__form_html_erb___1931643036515919455_70193553536380'
app/views/programmes/new.html.erb:2:in `_app_views_programmes_new_html_erb___2910508431469967194_70193594375680'
Started GET "/organisations/1/programmes/new" for ::1 at 2019-03-28 20:53:53 +0000
Processing by ProgrammesController#new as HTML
  Parameters: {"organisation_id"=>"1"}
  [1m[36mOrganisation Load (0.2ms)[0m  [1m[34mSELECT  "organisations".* FROM "organisations" WHERE "organisations"."id" = ? LIMIT ?[0m  [["id", 1], ["LIMIT", 1]]
  ↳ app/controllers/programmes_controller.rb:13
  Rendering programmes/new.html.erb within layouts/application
  Rendered programmes/new.html.erb within layouts/application (0.9ms)
Completed 500 Internal Server Error in 23ms (ActiveRecord: 0.6ms)


  
SyntaxError (/Users/virginiadooley/Development/code/projects/nova-new/app/views/programmes/new.html.erb:2: syntax error, unexpected ')', expecting ']'
...append=  form_for ([@programme) do |f| @output_buffer.safe_a...
...                              ^):
  
app/views/programmes/new.html.erb:2: syntax error, unexpected ')', expecting ']'
Started GET "/organisations/1/programmes/new" for ::1 at 2019-03-28 20:54:17 +0000
Processing by ProgrammesController#new as HTML
  Parameters: {"organisation_id"=>"1"}
  [1m[36mOrganisation Load (0.7ms)[0m  [1m[34mSELECT  "organisations".* FROM "organisations" WHERE "organisations"."id" = ? LIMIT ?[0m  [["id", 1], ["LIMIT", 1]]
  ↳ app/controllers/programmes_controller.rb:13
  Rendering programmes/new.html.erb within layouts/application
  Rendered programmes/new.html.erb within layouts/application (0.8ms)
Completed 500 Internal Server Error in 17ms (ActiveRecord: 0.7ms)


  
SyntaxError (/Users/virginiadooley/Development/code/projects/nova-new/app/views/programmes/new.html.erb:2: syntax error, unexpected ')', expecting ']'
...append=  form_for ([@programme) do |f| @output_buffer.safe_a...
...                              ^):
  
app/views/programmes/new.html.erb:2: syntax error, unexpected ')', expecting ']'
Started GET "/organisations/1/programmes/new" for ::1 at 2019-03-28 20:54:33 +0000
Processing by ProgrammesController#new as HTML
  Parameters: {"organisation_id"=>"1"}
  [1m[36mOrganisation Load (0.2ms)[0m  [1m[34mSELECT  "organisations".* FROM "organisations" WHERE "organisations"."id" = ? LIMIT ?[0m  [["id", 1], ["LIMIT", 1]]
  ↳ app/controllers/programmes_controller.rb:13
  Rendering programmes/new.html.erb within layouts/application
  Rendered programmes/new.html.erb within layouts/application (1.2ms)
Completed 500 Internal Server Error in 16ms (ActiveRecord: 0.2ms)


  
SyntaxError (/Users/virginiadooley/Development/code/projects/nova-new/app/views/programmes/new.html.erb:8: syntax error, unexpected end-of-input, expecting keyword_end
          end
             ^):
  
app/views/programmes/new.html.erb:8: syntax error, unexpected end-of-input, expecting keyword_end
Started GET "/organisations/1/programmes/new" for ::1 at 2019-03-28 20:55:08 +0000
Processing by ProgrammesController#new as HTML
  Parameters: {"organisation_id"=>"1"}
  [1m[36mOrganisation Load (0.4ms)[0m  [1m[34mSELECT  "organisations".* FROM "organisations" WHERE "organisations"."id" = ? LIMIT ?[0m  [["id", 1], ["LIMIT", 1]]
  ↳ app/controllers/programmes_controller.rb:13
  Rendering programmes/new.html.erb within layouts/application
  Rendered programmes/_form.html.erb (1.4ms)
  Rendered programmes/new.html.erb within layouts/application (5.3ms)
Completed 500 Internal Server Error in 26ms (ActiveRecord: 0.4ms)


  
SyntaxError (/Users/virginiadooley/Development/code/projects/nova-new/app/views/programmes/_form.html.erb:22: syntax error, unexpected keyword_ensure, expecting end-of-input
          ensure
          ^~~~~~):
  
app/views/programmes/_form.html.erb:22: syntax error, unexpected keyword_ensure, expecting end-of-input
app/views/programmes/new.html.erb:3:in `block in _app_views_programmes_new_html_erb___2910508431469967194_70193580782520'
app/views/programmes/new.html.erb:2:in `_app_views_programmes_new_html_erb___2910508431469967194_70193580782520'
Started GET "/organisations/1/programmes/new" for ::1 at 2019-03-28 20:55:24 +0000
Processing by ProgrammesController#new as HTML
  Parameters: {"organisation_id"=>"1"}
  [1m[36mOrganisation Load (0.4ms)[0m  [1m[34mSELECT  "organisations".* FROM "organisations" WHERE "organisations"."id" = ? LIMIT ?[0m  [["id", 1], ["LIMIT", 1]]
  ↳ app/controllers/programmes_controller.rb:13
  Rendering programmes/new.html.erb within layouts/application
  Rendered programmes/new.html.erb within layouts/application (0.6ms)
Completed 500 Internal Server Error in 18ms (ActiveRecord: 0.4ms)


  
SyntaxError (/Users/virginiadooley/Development/code/projects/nova-new/app/views/programmes/new.html.erb:8: syntax error, unexpected end-of-input, expecting keyword_end
          end
             ^):
  
app/views/programmes/new.html.erb:8: syntax error, unexpected end-of-input, expecting keyword_end
Started GET "/organisations/1/programmes/new" for ::1 at 2019-03-28 20:56:44 +0000
Processing by ProgrammesController#new as HTML
  Parameters: {"organisation_id"=>"1"}
  [1m[36mOrganisation Load (0.4ms)[0m  [1m[34mSELECT  "organisations".* FROM "organisations" WHERE "organisations"."id" = ? LIMIT ?[0m  [["id", 1], ["LIMIT", 1]]
  ↳ app/controllers/programmes_controller.rb:13
  Rendering programmes/new.html.erb within layouts/application
  Rendered programmes/_form.html.erb (337.7ms)
  Rendered programmes/new.html.erb within layouts/application (349.4ms)
Completed 500 Internal Server Error in 364ms (ActiveRecord: 0.4ms)


  
ActionView::Template::Error (undefined local variable or method `f' for #<#<Class:0x00007fae6d86b9b0>:0x00007fae6b901548>):
    1:   <%= f.label "First Name" %>
    2:   <%= f.text_field :first_name %><p>
    3:   <%= f.label "Last Name" %>
    4:   <%= f.text_field :last_name %><p>
  
app/views/programmes/_form.html.erb:1:in `_app_views_programmes__form_html_erb___1931643036515919455_70193578436540'
app/views/programmes/new.html.erb:3:in `block in _app_views_programmes_new_html_erb___2910508431469967194_70193552823900'
app/views/programmes/new.html.erb:2:in `_app_views_programmes_new_html_erb___2910508431469967194_70193552823900'
Started GET "/organisations/1/programmes/new" for ::1 at 2019-03-28 20:57:26 +0000
Processing by ProgrammesController#new as HTML
  Parameters: {"organisation_id"=>"1"}
  [1m[36mOrganisation Load (0.2ms)[0m  [1m[34mSELECT  "organisations".* FROM "organisations" WHERE "organisations"."id" = ? LIMIT ?[0m  [["id", 1], ["LIMIT", 1]]
  ↳ app/controllers/programmes_controller.rb:13
  Rendering programmes/new.html.erb within layouts/application
  Rendered programmes/_form.html.erb (314.2ms)
  Rendered programmes/new.html.erb within layouts/application (317.4ms)
Completed 500 Internal Server Error in 333ms (ActiveRecord: 0.2ms)


  
ActionView::Template::Error (undefined local variable or method `f' for #<#<Class:0x00007fae6d86b9b0>:0x00007fae70b008f8>):
    1:   <%= f.label "First Name" %>
    2:   <%= f.text_field :first_name %><p>
    3:   <%= f.label "Last Name" %>
    4:   <%= f.text_field :last_name %><p>
  
app/views/programmes/_form.html.erb:1:in `_app_views_programmes__form_html_erb___1931643036515919455_70193553949300'
app/views/programmes/new.html.erb:3:in `block in _app_views_programmes_new_html_erb___2910508431469967194_70193595812120'
app/views/programmes/new.html.erb:2:in `_app_views_programmes_new_html_erb___2910508431469967194_70193595812120'
Started GET "/organisations/1/programmes" for ::1 at 2019-03-28 20:58:39 +0000
Processing by ProgrammesController#index as HTML
  Parameters: {"organisation_id"=>"1"}
  Rendering programmes/index.html.erb within layouts/application
  [1m[36mProgramme Load (0.4ms)[0m  [1m[34mSELECT "programmes".* FROM "programmes"[0m
  ↳ app/views/programmes/index.html.erb:2
  Rendered programmes/index.html.erb within layouts/application (3.9ms)
Completed 200 OK in 49ms (Views: 42.9ms | ActiveRecord: 1.4ms)


Started GET "/organisations/1" for ::1 at 2019-03-28 20:58:44 +0000
Processing by OrganisationsController#show as HTML
  Parameters: {"id"=>"1"}
  [1m[36mOrganisation Load (0.2ms)[0m  [1m[34mSELECT  "organisations".* FROM "organisations" WHERE "organisations"."id" = ? LIMIT ?[0m  [["id", 1], ["LIMIT", 1]]
  ↳ app/controllers/organisations_controller.rb:8
  Rendering organisations/show.html.erb within layouts/application
  [1m[36mProgramme Load (0.3ms)[0m  [1m[34mSELECT "programmes".* FROM "programmes" WHERE "programmes"."organisation_id" = ?[0m  [["organisation_id", 1]]
  ↳ app/views/organisations/show.html.erb:9
  Rendered organisations/show.html.erb within layouts/application (5.1ms)
Completed 200 OK in 40ms (Views: 34.8ms | ActiveRecord: 0.6ms)


Started GET "/organisations/1/programmes" for ::1 at 2019-03-28 20:58:52 +0000
Processing by ProgrammesController#index as HTML
  Parameters: {"organisation_id"=>"1"}
  Rendering programmes/index.html.erb within layouts/application
  [1m[36mProgramme Load (0.2ms)[0m  [1m[34mSELECT "programmes".* FROM "programmes"[0m
  ↳ app/views/programmes/index.html.erb:2
  Rendered programmes/index.html.erb within layouts/application (1.7ms)
Completed 200 OK in 36ms (Views: 32.9ms | ActiveRecord: 0.2ms)


Started GET "/organisations/1/programmes/new" for ::1 at 2019-03-28 20:58:57 +0000
Processing by ProgrammesController#new as HTML
  Parameters: {"organisation_id"=>"1"}
  [1m[36mOrganisation Load (0.3ms)[0m  [1m[34mSELECT  "organisations".* FROM "organisations" WHERE "organisations"."id" = ? LIMIT ?[0m  [["id", 1], ["LIMIT", 1]]
  ↳ app/controllers/programmes_controller.rb:13
  Rendering programmes/new.html.erb within layouts/application
  Rendered programmes/_form.html.erb (319.4ms)
  Rendered programmes/new.html.erb within layouts/application (323.0ms)
Completed 500 Internal Server Error in 339ms (ActiveRecord: 0.3ms)


  
ActionView::Template::Error (undefined local variable or method `f' for #<#<Class:0x00007fae6d86b9b0>:0x00007fae69b5f968>):
    1:   <%= f.label "First Name" %>
    2:   <%= f.text_field :first_name %><p>
    3:   <%= f.label "Last Name" %>
    4:   <%= f.text_field :last_name %><p>
  
app/views/programmes/_form.html.erb:1:in `_app_views_programmes__form_html_erb___1931643036515919455_70193537251960'
app/views/programmes/new.html.erb:3:in `block in _app_views_programmes_new_html_erb___2910508431469967194_70193537294700'
app/views/programmes/new.html.erb:2:in `_app_views_programmes_new_html_erb___2910508431469967194_70193537294700'
Started GET "/organisations/1/programmes/new" for ::1 at 2019-03-28 20:59:37 +0000
Processing by ProgrammesController#new as HTML
  Parameters: {"organisation_id"=>"1"}
  [1m[36mOrganisation Load (0.2ms)[0m  [1m[34mSELECT  "organisations".* FROM "organisations" WHERE "organisations"."id" = ? LIMIT ?[0m  [["id", 1], ["LIMIT", 1]]
  ↳ app/controllers/programmes_controller.rb:13
  Rendering programmes/new.html.erb within layouts/application
  Rendered programmes/new.html.erb within layouts/application (13.0ms)
Completed 500 Internal Server Error in 29ms (ActiveRecord: 0.2ms)


  
ActionView::Template::Error (undefined method `first_name' for #<Programme:0x00007fae6b984cb8>):
    1: <h2>New Programme</h2>
    2: <%= form_for @programme do |f| %>
    3:   <%= f.label "First Name" %>
    4:   <%= f.text_field :first_name %><p>
    5:   <%= f.label "Last Name" %>
    6:   <%= f.text_field :last_name %><p>
    7:   <%= f.label "Email" %>
  
app/views/programmes/new.html.erb:4:in `block in _app_views_programmes_new_html_erb___2910508431469967194_70193572950260'
app/views/programmes/new.html.erb:2:in `_app_views_programmes_new_html_erb___2910508431469967194_70193572950260'
Started GET "/organisations/1/programmes/new" for ::1 at 2019-03-28 21:10:54 +0000
Processing by ProgrammesController#new as HTML
  Parameters: {"organisation_id"=>"1"}
  [1m[36mOrganisation Load (0.3ms)[0m  [1m[34mSELECT  "organisations".* FROM "organisations" WHERE "organisations"."id" = ? LIMIT ?[0m  [["id", 1], ["LIMIT", 1]]
  ↳ app/controllers/programmes_controller.rb:13
  Rendering programmes/new.html.erb within layouts/application
  Rendered programmes/_form.html.erb (0.4ms)
  Rendered programmes/new.html.erb within layouts/application (4.5ms)
Completed 200 OK in 57ms (Views: 47.9ms | ActiveRecord: 0.9ms)


Started GET "/organisations/1/programmes/new" for ::1 at 2019-03-28 21:11:22 +0000
Processing by ProgrammesController#new as HTML
  Parameters: {"organisation_id"=>"1"}
  [1m[36mOrganisation Load (0.4ms)[0m  [1m[34mSELECT  "organisations".* FROM "organisations" WHERE "organisations"."id" = ? LIMIT ?[0m  [["id", 1], ["LIMIT", 1]]
  ↳ app/controllers/programmes_controller.rb:13
  Rendering programmes/new.html.erb within layouts/application
  Rendered programmes/_form.html.erb (0.3ms)
  Rendered programmes/new.html.erb within layouts/application (3.5ms)
Completed 200 OK in 39ms (Views: 34.0ms | ActiveRecord: 0.4ms)


Started GET "/organisations/1/programmes/new" for ::1 at 2019-03-28 21:11:42 +0000
Processing by ProgrammesController#new as HTML
  Parameters: {"organisation_id"=>"1"}
  [1m[36mOrganisation Load (0.2ms)[0m  [1m[34mSELECT  "organisations".* FROM "organisations" WHERE "organisations"."id" = ? LIMIT ?[0m  [["id", 1], ["LIMIT", 1]]
  ↳ app/controllers/programmes_controller.rb:13
  Rendering programmes/new.html.erb within layouts/application
  Rendered programmes/new.html.erb within layouts/application (2.4ms)
Completed 200 OK in 36ms (Views: 31.5ms | ActiveRecord: 0.2ms)


Started POST "/organisations/1/programmes" for ::1 at 2019-03-28 21:11:53 +0000
Processing by ProgrammesController#create as HTML
  Parameters: {"utf8"=>"✓", "authenticity_token"=>"W5ZSGWiPC5YmTN+Q2xnouk8q6WnZ5EEur5G5qXmlEbggsUjHrodX7vWRiJeX3oHJbVW5NzSe+rlBjTl4Z6OTKw==", "programme"=>{"title"=>"Parenting"}, "commit"=>"Create Programme", "organisation_id"=>"1"}
  [1m[36mOrganisation Load (0.7ms)[0m  [1m[34mSELECT  "organisations".* FROM "organisations" WHERE "organisations"."id" = ? LIMIT ?[0m  [["id", 1], ["LIMIT", 1]]
  ↳ app/controllers/programmes_controller.rb:18
  [1m[35m (0.1ms)[0m  [1m[36mbegin transaction[0m
  ↳ app/controllers/programmes_controller.rb:20
  [1m[36mProgramme Create (0.9ms)[0m  [1m[32mINSERT INTO "programmes" ("title", "organisation_id", "created_at", "updated_at") VALUES (?, ?, ?, ?)[0m  [["title", "Parenting"], ["organisation_id", 1], ["created_at", "2019-03-28 21:11:53.159706"], ["updated_at", "2019-03-28 21:11:53.159706"]]
  ↳ app/controllers/programmes_controller.rb:20
  [1m[35m (2.2ms)[0m  [1m[36mcommit transaction[0m
  ↳ app/controllers/programmes_controller.rb:20
Redirected to http://localhost:3000/organisations/1/programmes/7
Completed 302 Found in 12ms (ActiveRecord: 3.9ms)


Started GET "/organisations/1/programmes/7" for ::1 at 2019-03-28 21:11:53 +0000
Processing by ProgrammesController#show as HTML
  Parameters: {"organisation_id"=>"1", "id"=>"7"}
  [1m[36mProgramme Load (0.5ms)[0m  [1m[34mSELECT  "programmes".* FROM "programmes" WHERE "programmes"."id" = ? LIMIT ?[0m  [["id", 7], ["LIMIT", 1]]
  ↳ app/controllers/programmes_controller.rb:8
  Rendering programmes/show.html.erb within layouts/application
  [1m[36mClient Load (0.5ms)[0m  [1m[34mSELECT "clients".* FROM "clients" INNER JOIN "clients_programmes" ON "clients"."id" = "clients_programmes"."client_id" WHERE "clients_programmes"."programme_id" = ?[0m  [["programme_id", 7]]
  ↳ app/views/programmes/show.html.erb:5
  [1m[36mOrganisation Load (0.3ms)[0m  [1m[34mSELECT  "organisations".* FROM "organisations" WHERE "organisations"."id" = ? LIMIT ?[0m  [["id", 1], ["LIMIT", 1]]
  ↳ app/views/programmes/show.html.erb:35
  Rendered programmes/show.html.erb within layouts/application (14.3ms)
Completed 200 OK in 66ms (Views: 58.0ms | ActiveRecord: 2.3ms)


Started GET "/organisations/1" for ::1 at 2019-03-28 21:11:56 +0000
Processing by OrganisationsController#show as HTML
  Parameters: {"id"=>"1"}
  [1m[36mOrganisation Load (0.2ms)[0m  [1m[34mSELECT  "organisations".* FROM "organisations" WHERE "organisations"."id" = ? LIMIT ?[0m  [["id", 1], ["LIMIT", 1]]
  ↳ app/controllers/organisations_controller.rb:8
  Rendering organisations/show.html.erb within layouts/application
  [1m[36mProgramme Load (0.2ms)[0m  [1m[34mSELECT "programmes".* FROM "programmes" WHERE "programmes"."organisation_id" = ?[0m  [["organisation_id", 1]]
  ↳ app/views/organisations/show.html.erb:9
  Rendered organisations/show.html.erb within layouts/application (5.4ms)
Completed 200 OK in 54ms (Views: 42.6ms | ActiveRecord: 0.5ms)


Started GET "/organisations/1" for ::1 at 2019-03-28 21:12:14 +0000
Processing by OrganisationsController#show as HTML
  Parameters: {"id"=>"1"}
  [1m[36mOrganisation Load (0.3ms)[0m  [1m[34mSELECT  "organisations".* FROM "organisations" WHERE "organisations"."id" = ? LIMIT ?[0m  [["id", 1], ["LIMIT", 1]]
  ↳ app/controllers/organisations_controller.rb:8
  Rendering organisations/show.html.erb within layouts/application
  [1m[36mProgramme Load (0.3ms)[0m  [1m[34mSELECT "programmes".* FROM "programmes" WHERE "programmes"."organisation_id" = ?[0m  [["organisation_id", 1]]
  ↳ app/views/organisations/show.html.erb:9
  Rendered organisations/show.html.erb within layouts/application (11.7ms)
Completed 200 OK in 89ms (Views: 79.9ms | ActiveRecord: 0.6ms)


Started GET "/programmes/3" for ::1 at 2019-03-29 08:12:48 +0000
  [1m[35m (0.9ms)[0m  [1m[34mSELECT "schema_migrations"."version" FROM "schema_migrations" ORDER BY "schema_migrations"."version" ASC[0m
  ↳ /Users/virginiadooley/.rvm/gems/ruby-2.5.5/gems/web-console-3.7.0/lib/web_console/middleware.rb:135
Processing by ProgrammesController#show as HTML
  Parameters: {"id"=>"3"}
  [1m[36mProgramme Load (0.6ms)[0m  [1m[34mSELECT  "programmes".* FROM "programmes" WHERE "programmes"."id" = ? LIMIT ?[0m  [["id", 3], ["LIMIT", 1]]
  ↳ app/controllers/programmes_controller.rb:8
  Rendering programmes/show.html.erb within layouts/application
  [1m[36mClient Load (1.2ms)[0m  [1m[34mSELECT "clients".* FROM "clients" INNER JOIN "clients_programmes" ON "clients"."id" = "clients_programmes"."client_id" WHERE "clients_programmes"."programme_id" = ?[0m  [["programme_id", 3]]
  ↳ app/views/programmes/show.html.erb:5
  [1m[36mOrganisation Load (0.6ms)[0m  [1m[34mSELECT  "organisations".* FROM "organisations" WHERE "organisations"."id" = ? LIMIT ?[0m  [["id", 1], ["LIMIT", 1]]
  ↳ app/views/programmes/show.html.erb:34
  Rendered programmes/show.html.erb within layouts/application (139.0ms)
Completed 200 OK in 609ms (Views: 527.6ms | ActiveRecord: 6.0ms)


Started GET "/users" for ::1 at 2019-03-29 08:12:57 +0000
  
ActionController::RoutingError (No route matches [GET] "/users"):
  
actionpack (5.2.2.1) lib/action_dispatch/middleware/debug_exceptions.rb:65:in `call'
web-console (3.7.0) lib/web_console/middleware.rb:135:in `call_app'
web-console (3.7.0) lib/web_console/middleware.rb:30:in `block in call'
web-console (3.7.0) lib/web_console/middleware.rb:20:in `catch'
web-console (3.7.0) lib/web_console/middleware.rb:20:in `call'
actionpack (5.2.2.1) lib/action_dispatch/middleware/show_exceptions.rb:33:in `call'
railties (5.2.2.1) lib/rails/rack/logger.rb:38:in `call_app'
railties (5.2.2.1) lib/rails/rack/logger.rb:26:in `block in call'
activesupport (5.2.2.1) lib/active_support/tagged_logging.rb:71:in `block in tagged'
activesupport (5.2.2.1) lib/active_support/tagged_logging.rb:28:in `tagged'
activesupport (5.2.2.1) lib/active_support/tagged_logging.rb:71:in `tagged'
railties (5.2.2.1) lib/rails/rack/logger.rb:26:in `call'
sprockets-rails (3.2.1) lib/sprockets/rails/quiet_assets.rb:13:in `call'
actionpack (5.2.2.1) lib/action_dispatch/middleware/remote_ip.rb:81:in `call'
actionpack (5.2.2.1) lib/action_dispatch/middleware/request_id.rb:27:in `call'
rack (2.0.6) lib/rack/method_override.rb:22:in `call'
rack (2.0.6) lib/rack/runtime.rb:22:in `call'
activesupport (5.2.2.1) lib/active_support/cache/strategy/local_cache_middleware.rb:29:in `call'
actionpack (5.2.2.1) lib/action_dispatch/middleware/executor.rb:14:in `call'
actionpack (5.2.2.1) lib/action_dispatch/middleware/static.rb:127:in `call'
rack (2.0.6) lib/rack/sendfile.rb:111:in `call'
railties (5.2.2.1) lib/rails/engine.rb:524:in `call'
puma (3.12.1) lib/puma/configuration.rb:227:in `call'
puma (3.12.1) lib/puma/server.rb:660:in `handle_request'
puma (3.12.1) lib/puma/server.rb:474:in `process_client'
puma (3.12.1) lib/puma/server.rb:334:in `block in run'
puma (3.12.1) lib/puma/thread_pool.rb:135:in `block in spawn_thread'
Started GET "/users/sign_up" for ::1 at 2019-03-29 08:13:09 +0000
Processing by Devise::RegistrationsController#new as HTML
  Rendering devise/registrations/new.html.erb within layouts/application
  Rendered devise/shared/_error_messages.html.erb (0.8ms)
  Rendered devise/shared/_links.html.erb (1.4ms)
  Rendered devise/registrations/new.html.erb within layouts/application (18.7ms)
Completed 200 OK in 79ms (Views: 60.6ms | ActiveRecord: 2.0ms)


Started POST "/users" for ::1 at 2019-03-29 08:13:22 +0000
Processing by Devise::RegistrationsController#create as HTML
  Parameters: {"utf8"=>"✓", "authenticity_token"=>"y5/teku/Ud50v6Ly7cUzMa6/gy2Q8yH2NWZUotk7Qb3r+16xdOsPNfx0ggJu7pzWoM2M1qxlIrPZEJso8ztDHA==", "user"=>{"email"=>"ginnie@midaye.org.uk", "password"=>"[FILTERED]", "password_confirmation"=>"[FILTERED]"}, "commit"=>"Sign up"}
  [1m[35m (0.1ms)[0m  [1m[36mbegin transaction[0m
  ↳ /Users/virginiadooley/.rvm/gems/ruby-2.5.5/gems/devise-4.6.2/app/controllers/devise/registrations_controller.rb:19
  [1m[36mUser Exists (8.6ms)[0m  [1m[34mSELECT  1 AS one FROM "users" WHERE "users"."email" = ? LIMIT ?[0m  [["email", "ginnie@midaye.org.uk"], ["LIMIT", 1]]
  ↳ /Users/virginiadooley/.rvm/gems/ruby-2.5.5/gems/devise-4.6.2/app/controllers/devise/registrations_controller.rb:19
  [1m[35m (0.1ms)[0m  [1m[31mrollback transaction[0m
  ↳ /Users/virginiadooley/.rvm/gems/ruby-2.5.5/gems/devise-4.6.2/app/controllers/devise/registrations_controller.rb:19
  Rendering devise/registrations/new.html.erb within layouts/application
  Rendered devise/shared/_error_messages.html.erb (1.6ms)
  Rendered devise/shared/_links.html.erb (0.9ms)
  Rendered devise/registrations/new.html.erb within layouts/application (11.7ms)
Completed 200 OK in 302ms (Views: 59.6ms | ActiveRecord: 8.8ms)


Started GET "/users/sign_in" for ::1 at 2019-03-29 08:13:32 +0000
Processing by Devise::SessionsController#new as HTML
  Rendering devise/sessions/new.html.erb within layouts/application
  Rendered devise/shared/_links.html.erb (2.3ms)
  Rendered devise/sessions/new.html.erb within layouts/application (61.6ms)
Completed 200 OK in 107ms (Views: 105.4ms | ActiveRecord: 0.0ms)


Started POST "/users/sign_in" for ::1 at 2019-03-29 08:13:37 +0000
Processing by Devise::SessionsController#create as HTML
  Parameters: {"utf8"=>"✓", "authenticity_token"=>"FD4kdzDtY1CpSVoy++sKPUrsXtlXxkYs4oBi4HF+M2cCtOwSWGU8AlRwfcsR7BtBaGpYrHoXkxhs23BxLtTHjA==", "user"=>{"email"=>"ginnie@midaye.org.uk", "password"=>"[FILTERED]", "remember_me"=>"0"}, "commit"=>"Log in"}
  [1m[36mUser Load (0.8ms)[0m  [1m[34mSELECT  "users".* FROM "users" WHERE "users"."email" = ? ORDER BY "users"."id" ASC LIMIT ?[0m  [["email", "ginnie@midaye.org.uk"], ["LIMIT", 1]]
  ↳ /Users/virginiadooley/.rvm/gems/ruby-2.5.5/gems/orm_adapter-0.5.0/lib/orm_adapter/adapters/active_record.rb:22
Redirected to http://localhost:3000/
Completed 302 Found in 195ms (ActiveRecord: 0.8ms)


Started GET "/" for ::1 at 2019-03-29 08:13:37 +0000
Processing by Devise::SessionsController#new as HTML
  [1m[36mUser Load (0.3ms)[0m  [1m[34mSELECT  "users".* FROM "users" WHERE "users"."id" = ? ORDER BY "users"."id" ASC LIMIT ?[0m  [["id", 1], ["LIMIT", 1]]
  ↳ /Users/virginiadooley/.rvm/gems/ruby-2.5.5/gems/orm_adapter-0.5.0/lib/orm_adapter/adapters/active_record.rb:17
Redirected to http://localhost:3000/
Filter chain halted as :require_no_authentication rendered or redirected
Completed 302 Found in 2ms (ActiveRecord: 0.3ms)


Started GET "/" for ::1 at 2019-03-29 08:13:37 +0000
Processing by Devise::SessionsController#new as HTML
  [1m[36mUser Load (0.3ms)[0m  [1m[34mSELECT  "users".* FROM "users" WHERE "users"."id" = ? ORDER BY "users"."id" ASC LIMIT ?[0m  [["id", 1], ["LIMIT", 1]]
  ↳ /Users/virginiadooley/.rvm/gems/ruby-2.5.5/gems/orm_adapter-0.5.0/lib/orm_adapter/adapters/active_record.rb:17
Redirected to http://localhost:3000/
Filter chain halted as :require_no_authentication rendered or redirected
Completed 302 Found in 3ms (ActiveRecord: 0.3ms)


Started GET "/" for ::1 at 2019-03-29 08:13:37 +0000
Processing by Devise::SessionsController#new as HTML
  [1m[36mUser Load (0.3ms)[0m  [1m[34mSELECT  "users".* FROM "users" WHERE "users"."id" = ? ORDER BY "users"."id" ASC LIMIT ?[0m  [["id", 1], ["LIMIT", 1]]
  ↳ /Users/virginiadooley/.rvm/gems/ruby-2.5.5/gems/orm_adapter-0.5.0/lib/orm_adapter/adapters/active_record.rb:17
Redirected to http://localhost:3000/
Filter chain halted as :require_no_authentication rendered or redirected
Completed 302 Found in 2ms (ActiveRecord: 0.3ms)


Started GET "/" for ::1 at 2019-03-29 08:13:37 +0000
Processing by Devise::SessionsController#new as HTML
  [1m[36mUser Load (0.3ms)[0m  [1m[34mSELECT  "users".* FROM "users" WHERE "users"."id" = ? ORDER BY "users"."id" ASC LIMIT ?[0m  [["id", 1], ["LIMIT", 1]]
  ↳ /Users/virginiadooley/.rvm/gems/ruby-2.5.5/gems/orm_adapter-0.5.0/lib/orm_adapter/adapters/active_record.rb:17
Redirected to http://localhost:3000/
Filter chain halted as :require_no_authentication rendered or redirected
Completed 302 Found in 3ms (ActiveRecord: 0.3ms)


Started GET "/" for ::1 at 2019-03-29 08:13:37 +0000
Processing by Devise::SessionsController#new as HTML
  [1m[36mUser Load (0.2ms)[0m  [1m[34mSELECT  "users".* FROM "users" WHERE "users"."id" = ? ORDER BY "users"."id" ASC LIMIT ?[0m  [["id", 1], ["LIMIT", 1]]
  ↳ /Users/virginiadooley/.rvm/gems/ruby-2.5.5/gems/orm_adapter-0.5.0/lib/orm_adapter/adapters/active_record.rb:17
Redirected to http://localhost:3000/
Filter chain halted as :require_no_authentication rendered or redirected
Completed 302 Found in 2ms (ActiveRecord: 0.2ms)


Started GET "/" for ::1 at 2019-03-29 08:13:37 +0000
Processing by Devise::SessionsController#new as HTML
  [1m[36mUser Load (0.2ms)[0m  [1m[34mSELECT  "users".* FROM "users" WHERE "users"."id" = ? ORDER BY "users"."id" ASC LIMIT ?[0m  [["id", 1], ["LIMIT", 1]]
  ↳ /Users/virginiadooley/.rvm/gems/ruby-2.5.5/gems/orm_adapter-0.5.0/lib/orm_adapter/adapters/active_record.rb:17
Redirected to http://localhost:3000/
Filter chain halted as :require_no_authentication rendered or redirected
Completed 302 Found in 3ms (ActiveRecord: 0.2ms)


Started GET "/" for ::1 at 2019-03-29 08:13:37 +0000
Processing by Devise::SessionsController#new as HTML
  [1m[36mUser Load (0.3ms)[0m  [1m[34mSELECT  "users".* FROM "users" WHERE "users"."id" = ? ORDER BY "users"."id" ASC LIMIT ?[0m  [["id", 1], ["LIMIT", 1]]
  ↳ /Users/virginiadooley/.rvm/gems/ruby-2.5.5/gems/orm_adapter-0.5.0/lib/orm_adapter/adapters/active_record.rb:17
Redirected to http://localhost:3000/
Filter chain halted as :require_no_authentication rendered or redirected
Completed 302 Found in 3ms (ActiveRecord: 0.3ms)


Started GET "/" for ::1 at 2019-03-29 08:13:37 +0000
Processing by Devise::SessionsController#new as HTML
  [1m[36mUser Load (0.5ms)[0m  [1m[34mSELECT  "users".* FROM "users" WHERE "users"."id" = ? ORDER BY "users"."id" ASC LIMIT ?[0m  [["id", 1], ["LIMIT", 1]]
  ↳ /Users/virginiadooley/.rvm/gems/ruby-2.5.5/gems/orm_adapter-0.5.0/lib/orm_adapter/adapters/active_record.rb:17
Redirected to http://localhost:3000/
Filter chain halted as :require_no_authentication rendered or redirected
Completed 302 Found in 4ms (ActiveRecord: 0.5ms)


Started GET "/" for ::1 at 2019-03-29 08:13:37 +0000
Processing by Devise::SessionsController#new as HTML
  [1m[36mUser Load (0.3ms)[0m  [1m[34mSELECT  "users".* FROM "users" WHERE "users"."id" = ? ORDER BY "users"."id" ASC LIMIT ?[0m  [["id", 1], ["LIMIT", 1]]
  ↳ /Users/virginiadooley/.rvm/gems/ruby-2.5.5/gems/orm_adapter-0.5.0/lib/orm_adapter/adapters/active_record.rb:17
Redirected to http://localhost:3000/
Filter chain halted as :require_no_authentication rendered or redirected
Completed 302 Found in 2ms (ActiveRecord: 0.3ms)


Started GET "/" for ::1 at 2019-03-29 08:13:37 +0000
Processing by Devise::SessionsController#new as HTML
  [1m[36mUser Load (0.4ms)[0m  [1m[34mSELECT  "users".* FROM "users" WHERE "users"."id" = ? ORDER BY "users"."id" ASC LIMIT ?[0m  [["id", 1], ["LIMIT", 1]]
  ↳ /Users/virginiadooley/.rvm/gems/ruby-2.5.5/gems/orm_adapter-0.5.0/lib/orm_adapter/adapters/active_record.rb:17
Redirected to http://localhost:3000/
Filter chain halted as :require_no_authentication rendered or redirected
Completed 302 Found in 3ms (ActiveRecord: 0.4ms)


Started GET "/" for ::1 at 2019-03-29 08:13:37 +0000
Processing by Devise::SessionsController#new as HTML
  [1m[36mUser Load (0.3ms)[0m  [1m[34mSELECT  "users".* FROM "users" WHERE "users"."id" = ? ORDER BY "users"."id" ASC LIMIT ?[0m  [["id", 1], ["LIMIT", 1]]
  ↳ /Users/virginiadooley/.rvm/gems/ruby-2.5.5/gems/orm_adapter-0.5.0/lib/orm_adapter/adapters/active_record.rb:17
Redirected to http://localhost:3000/
Filter chain halted as :require_no_authentication rendered or redirected
Completed 302 Found in 2ms (ActiveRecord: 0.3ms)


Started GET "/" for ::1 at 2019-03-29 08:13:37 +0000
Processing by Devise::SessionsController#new as HTML
  [1m[36mUser Load (0.3ms)[0m  [1m[34mSELECT  "users".* FROM "users" WHERE "users"."id" = ? ORDER BY "users"."id" ASC LIMIT ?[0m  [["id", 1], ["LIMIT", 1]]
  ↳ /Users/virginiadooley/.rvm/gems/ruby-2.5.5/gems/orm_adapter-0.5.0/lib/orm_adapter/adapters/active_record.rb:17
Redirected to http://localhost:3000/
Filter chain halted as :require_no_authentication rendered or redirected
Completed 302 Found in 3ms (ActiveRecord: 0.3ms)


Started GET "/" for ::1 at 2019-03-29 08:13:37 +0000
Processing by Devise::SessionsController#new as HTML
  [1m[36mUser Load (0.2ms)[0m  [1m[34mSELECT  "users".* FROM "users" WHERE "users"."id" = ? ORDER BY "users"."id" ASC LIMIT ?[0m  [["id", 1], ["LIMIT", 1]]
  ↳ /Users/virginiadooley/.rvm/gems/ruby-2.5.5/gems/orm_adapter-0.5.0/lib/orm_adapter/adapters/active_record.rb:17
Redirected to http://localhost:3000/
Filter chain halted as :require_no_authentication rendered or redirected
Completed 302 Found in 2ms (ActiveRecord: 0.2ms)


Started GET "/" for ::1 at 2019-03-29 08:13:37 +0000
Processing by Devise::SessionsController#new as HTML
  [1m[36mUser Load (0.3ms)[0m  [1m[34mSELECT  "users".* FROM "users" WHERE "users"."id" = ? ORDER BY "users"."id" ASC LIMIT ?[0m  [["id", 1], ["LIMIT", 1]]
  ↳ /Users/virginiadooley/.rvm/gems/ruby-2.5.5/gems/orm_adapter-0.5.0/lib/orm_adapter/adapters/active_record.rb:17
Redirected to http://localhost:3000/
Filter chain halted as :require_no_authentication rendered or redirected
Completed 302 Found in 2ms (ActiveRecord: 0.3ms)


Started GET "/" for ::1 at 2019-03-29 08:13:37 +0000
Processing by Devise::SessionsController#new as HTML
  [1m[36mUser Load (0.2ms)[0m  [1m[34mSELECT  "users".* FROM "users" WHERE "users"."id" = ? ORDER BY "users"."id" ASC LIMIT ?[0m  [["id", 1], ["LIMIT", 1]]
  ↳ /Users/virginiadooley/.rvm/gems/ruby-2.5.5/gems/orm_adapter-0.5.0/lib/orm_adapter/adapters/active_record.rb:17
Redirected to http://localhost:3000/
Filter chain halted as :require_no_authentication rendered or redirected
Completed 302 Found in 2ms (ActiveRecord: 0.2ms)


Started GET "/" for ::1 at 2019-03-29 08:13:37 +0000
Processing by Devise::SessionsController#new as HTML
  [1m[36mUser Load (0.2ms)[0m  [1m[34mSELECT  "users".* FROM "users" WHERE "users"."id" = ? ORDER BY "users"."id" ASC LIMIT ?[0m  [["id", 1], ["LIMIT", 1]]
  ↳ /Users/virginiadooley/.rvm/gems/ruby-2.5.5/gems/orm_adapter-0.5.0/lib/orm_adapter/adapters/active_record.rb:17
Redirected to http://localhost:3000/
Filter chain halted as :require_no_authentication rendered or redirected
Completed 302 Found in 2ms (ActiveRecord: 0.2ms)


Started GET "/" for ::1 at 2019-03-29 08:13:37 +0000
Processing by Devise::SessionsController#new as HTML
  [1m[36mUser Load (0.3ms)[0m  [1m[34mSELECT  "users".* FROM "users" WHERE "users"."id" = ? ORDER BY "users"."id" ASC LIMIT ?[0m  [["id", 1], ["LIMIT", 1]]
  ↳ /Users/virginiadooley/.rvm/gems/ruby-2.5.5/gems/orm_adapter-0.5.0/lib/orm_adapter/adapters/active_record.rb:17
Redirected to http://localhost:3000/
Filter chain halted as :require_no_authentication rendered or redirected
Completed 302 Found in 3ms (ActiveRecord: 0.3ms)


Started GET "/" for ::1 at 2019-03-29 08:13:37 +0000
Processing by Devise::SessionsController#new as HTML
  [1m[36mUser Load (0.2ms)[0m  [1m[34mSELECT  "users".* FROM "users" WHERE "users"."id" = ? ORDER BY "users"."id" ASC LIMIT ?[0m  [["id", 1], ["LIMIT", 1]]
  ↳ /Users/virginiadooley/.rvm/gems/ruby-2.5.5/gems/orm_adapter-0.5.0/lib/orm_adapter/adapters/active_record.rb:17
Redirected to http://localhost:3000/
Filter chain halted as :require_no_authentication rendered or redirected
Completed 302 Found in 2ms (ActiveRecord: 0.2ms)


Started GET "/" for ::1 at 2019-03-29 08:13:37 +0000
Processing by Devise::SessionsController#new as HTML
  [1m[36mUser Load (0.2ms)[0m  [1m[34mSELECT  "users".* FROM "users" WHERE "users"."id" = ? ORDER BY "users"."id" ASC LIMIT ?[0m  [["id", 1], ["LIMIT", 1]]
  ↳ /Users/virginiadooley/.rvm/gems/ruby-2.5.5/gems/orm_adapter-0.5.0/lib/orm_adapter/adapters/active_record.rb:17
Redirected to http://localhost:3000/
Filter chain halted as :require_no_authentication rendered or redirected
Completed 302 Found in 2ms (ActiveRecord: 0.2ms)


